d:\bsuir\semestr_3\курсовой проект\course_work\course work\x64\debug\vc143.pdb
d:\bsuir\semestr_3\курсовой проект\course_work\course work\x64\debug\vc143.idb
d:\bsuir\semestr_3\курсовой проект\course_work\course work\x64\debug\user.obj
d:\bsuir\semestr_3\курсовой проект\course_work\course work\x64\debug\stringgen.obj
d:\bsuir\semestr_3\курсовой проект\course_work\course work\x64\debug\furniture.obj
d:\bsuir\semestr_3\курсовой проект\course_work\course work\x64\debug\encryption.obj
d:\bsuir\semestr_3\курсовой проект\course_work\course work\x64\debug\inputcheck.obj
d:\bsuir\semestr_3\курсовой проект\course_work\course work\x64\debug\client.obj
d:\bsuir\semestr_3\курсовой проект\course_work\course work\x64\debug\table.obj
d:\bsuir\semestr_3\курсовой проект\course_work\course work\x64\debug\superadmin.obj
d:\bsuir\semestr_3\курсовой проект\course_work\course work\x64\debug\admin.obj
d:\bsuir\semestr_3\курсовой проект\course_work\course work\x64\debug\menu.obj
d:\bsuir\semestr_3\курсовой проект\course_work\course work\x64\debug\validation.obj
d:\bsuir\semestr_3\курсовой проект\course_work\course work\x64\debug\main.obj
d:\bsuir\semestr_3\курсовой проект\course_work\course work\x64\debug\filework.obj
d:\bsuir\semestr_3\курсовой проект\course_work\course work\x64\debug\transactions.obj
d:\bsuir\semestr_3\курсовой проект\course_work\x64\debug\course work.exe
d:\bsuir\semestr_3\курсовой проект\course_work\course work\x64\debug\course work.ilk
d:\bsuir\semestr_3\курсовой проект\course_work\x64\debug\course work.pdb
d:\bsuir\semestr_3\курсовой проект\course_work\course work\x64\debug\course work.tlog\cl.command.1.tlog
d:\bsuir\semestr_3\курсовой проект\course_work\course work\x64\debug\course work.tlog\cl.items.tlog
d:\bsuir\semestr_3\курсовой проект\course_work\course work\x64\debug\course work.tlog\cl.read.1.tlog
d:\bsuir\semestr_3\курсовой проект\course_work\course work\x64\debug\course work.tlog\cl.write.1.tlog
d:\bsuir\semestr_3\курсовой проект\course_work\course work\x64\debug\course work.tlog\link.20388-cvtres.read.1.tlog
d:\bsuir\semestr_3\курсовой проект\course_work\course work\x64\debug\course work.tlog\link.20388-cvtres.write.1.tlog
d:\bsuir\semestr_3\курсовой проект\course_work\course work\x64\debug\course work.tlog\link.20388-rc.read.1.tlog
d:\bsuir\semestr_3\курсовой проект\course_work\course work\x64\debug\course work.tlog\link.20388-rc.write.1.tlog
d:\bsuir\semestr_3\курсовой проект\course_work\course work\x64\debug\course work.tlog\link.20388.read.1.tlog
d:\bsuir\semestr_3\курсовой проект\course_work\course work\x64\debug\course work.tlog\link.20388.read.3.tlog
d:\bsuir\semestr_3\курсовой проект\course_work\course work\x64\debug\course work.tlog\link.20388.write.1.tlog
d:\bsuir\semestr_3\курсовой проект\course_work\course work\x64\debug\course work.tlog\link.command.1.tlog
d:\bsuir\semestr_3\курсовой проект\course_work\course work\x64\debug\course work.tlog\link.read.1.tlog
d:\bsuir\semestr_3\курсовой проект\course_work\course work\x64\debug\course work.tlog\link.write.1.tlog
